<?xml version="1.0" encoding="UTF-8"?>
<!-- Generated by org.testng.reporters.JUnitReportReporter -->
<testsuite hostname="DESKTOP-LR0UFQ4" failures="0" tests="2" name="com.extentReports.extentReportConfig" time="34.241" errors="0" timestamp="2023-06-23T22:22:01 IST" skipped="0">
  <testcase classname="com.extentReports.extentReportConfig" name="grenCartLogin" time="19.538"/>
  <system-out/>
  <testcase classname="com.extentReports.extentReportConfig" name="grenCartLogin2" time="14.703"/>
  <system-out/>
</testsuite> <!-- com.extentReports.extentReportConfig -->
